[2020-03-10T10:14:16.989] [INFO] info - /api/note/edit POST [Object: null prototype] {
  details:
   'https://jira.itech8.net:4443/browse/KINGLIVE-2960    移动端英国行专题入口  vender\nhttps://jira.itech8.net:4443/browse/KINGLIVE-2959     PC端英国行专题入口   vender\nhttps://jira.itech8.net:4443/browse/KINGLIVE-2903    【H5端】主播房间的小助手入口替换成动态gif图  已完成\nhttps://jira.itech8.net:4443/browse/KINGLIVE-2890  【PC端】个人中心我的关系-我的粉丝，增加搜索功能   clark  3.12\nhttps://jira.itech8.net:4443/browse/KINGLIVE-2594  动态评论\nhttps://jira.itech8.net:4443/browse/KINGLIVE-2832    【PC端】更换皮肤，主题为欧洲杯  tony 3.12\nhttps://jira.itech8.net:4443/browse/KINGLIVE-2831   【H5端】新增欧洲杯主题皮肤  tony3.12\nhttps://jira.itech8.net:4443/browse/KINGLIVE-2890【PC端】个人中心我的关系-我的粉丝，增加搜索功能\tclark 3.12\nhttps://jira.itech8.net:4443/browse/KINGLIVE-2898 PC端：资讯页面右侧热门作者功能替换成：推单连红榜clark  3.12\nhttps://jira.itech8.net:4443/browse/KINGLIVE-2993  H5-王者号:用户成为王者号用户后，部分出现头像的地方都需要显示加V  tim 3.12\nhttps://jira.itech8.net:4443/browse/KINGLIVE-3014 【H5端】体育页面的电竞点击后直接跳转烽火电竞站  热分支 完成\nhttps://jira.itech8.net:4443/browse/KINGLIVE-2836  【H5端】欧洲杯专题上线  tony 3.27\nhttps://jira.itech8.net:4443/browse/KINGLIVE-2864  【PC端】欧洲杯专题上线  clark  3.27\n\n\n',
  title: 'kaka 单子',
  id: '11' }
[2020-03-10T16:54:06.124] [INFO] info - /api/note/search GET { _t: '1583830446117', keyword: 'king' }
[2020-03-10T16:54:19.988] [INFO] info - /api/note/search GET { _t: '1583830459984', keyword: '' }
[2020-03-10T17:15:16.364] [INFO] info - /api/note/search GET { _t: '1583831716358', keyword: '' }
[2020-03-10T17:17:12.852] [INFO] info - /api/note/edit POST [Object: null prototype] {
  details:
   'KINGLIVE-1527  【H5端】增加忘记密码功能  tim\nKINGLIVE-2590【H5端】竞猜页面优化',
  title: '3.26',
  id: '18' }
[2020-03-10T17:20:19.645] [INFO] info - /api/note/edit POST [Object: null prototype] {
  details:
   'KINGLIVE-1527  【H5端】增加忘记密码功能  tim\nKINGLIVE-2590【H5端】竞猜页面优化  tim',
  title: '3.26',
  id: '18' }
[2020-03-10T17:29:57.655] [INFO] info - /api/note/edit POST [Object: null prototype] {
  details:
   'KINGLIVE-1527  【H5端】增加忘记密码功能  tim\n\nKINGLIVE-2590【H5端】竞猜页面优化  tim\nKINGLIVE-2588【手机端】竞猜页面优化  tim\nKINGLIVE-1200 【H5端】增加主播招聘引导页面\nKINGLIVE-1025【PC端】个人主页-近期活动跟随风采活动进行更新 \nKINGLIVE-3051 【PC端】好友推荐页面，优化隐藏被推荐人的电话号码 jf\nKINGLIVE-2959【PC端】增加诺哥游英国专题入口\nKINGLIVE-2960【手机端】增加诺哥游英国专题的入口\nKINGLIVE-1525【H5端】增加忘记密码功能  tim\nKINGLIVE-1604  H5：资讯页面优化  tim?    早就完成，单子未关闭',
  title: '3.26',
  id: '18' }
[2020-03-10T17:39:25.338] [INFO] info - /api/note/edit POST [Object: null prototype] {
  details:
   'KINGLIVE-1527  【H5端】增加忘记密码功能  tim\n\nKINGLIVE-2590【H5端】竞猜页面优化  tim\nKINGLIVE-2588【手机端】竞猜页面优化  tim\nKINGLIVE-1200 【H5端】增加主播招聘引导页面\nKINGLIVE-1025【PC端】个人主页-近期活动跟随风采活动进行更新 \nKINGLIVE-3051 【PC端】好友推荐页面，优化隐藏被推荐人的电话号码 jf\nKINGLIVE-2959【PC端】增加诺哥游英国专题入口\nKINGLIVE-2960【手机端】增加诺哥游英国专题的入口\nKINGLIVE-1525【H5端】增加忘记密码功能  tim\nKINGLIVE-1604  H5：资讯页面优化  tim?    早就完成，单子未关闭\nKINGLIVE-402  【H5端】进入直播观看时提示网络设置  tim.\nKINGLIVE-204 【H5端】增加发送礼物功能  tim\nKINGLIVE-2752【PC端】钻石兑换页面，提交提案时去掉游戏网址，时间改成存款时间 已完成\nKINGLIVE-2822 【PC端】主播开播能设置密码房间  vender\nKINGLIVE-2831 【H5端】新增欧洲杯主题皮肤  tony 已完成\nKINGLIVE-2832  【PC端】更换皮肤，主题为欧洲杯 tony 已完成\nKINGLIVE-2836 【H5端】欧洲杯专题上线\nKINGLIVE-2864  【PC端】欧洲杯专题上线',
  title: '3.26',
  id: '18' }
[2020-03-10T18:47:01.528] [INFO] info - /api/note/edit POST [Object: null prototype] {
  details:
   'KINGLIVE-1527  【H5端】增加忘记密码功能  tim\nKINGLIVE-2590【H5端】竞猜页面优化  tim\nKINGLIVE-2588【手机端】竞猜页面优化  tim\nKINGLIVE-1200 【H5端】增加主播招聘引导页面\nKINGLIVE-1025【PC端】个人主页-近期活动跟随风采活动进行更新 \nKINGLIVE-3051 【PC端】好友推荐页面，优化隐藏被推荐人的电话号码 jf\nKINGLIVE-2959【PC端】增加诺哥游英国专题入口  vender\nKINGLIVE-2960【手机端】增加诺哥游英国专题的入口 vender\nKINGLIVE-1525【H5端】增加忘记密码功能  tim\nKINGLIVE-402  【H5端】进入直播观看时提示网络设置  tim.\nKINGLIVE-204 【H5端】增加发送礼物功能  tim\nKINGLIVE-1604  H5：资讯页面优化  tim?    早就完成，单子未关闭\n\nKINGLIVE-2752【PC端】钻石兑换页面，提交提案时去掉游戏网址，时间改成存款时间 已完成\nKINGLIVE-2822 【PC端】主播开播能设置密码房间  vender\nKINGLIVE-2831 【H5端】新增欧洲杯主题皮肤  tony 已完成\nKINGLIVE-2832  【PC端】更换皮肤，主题为欧洲杯 tony 已完成\nKINGLIVE-2836 【H5端】欧洲杯专题上线\nKINGLIVE-2864  【PC端】欧洲杯专题上线  ',
  title: '3.26',
  id: '18' }
