[2020-03-02T20:58:19.036] [INFO] info - server running  8989port....
[2020-03-02T21:01:14.564] [INFO] info - /api/work_record/delete POST [Object: null prototype] { id: '10070' }
[2020-03-02T22:23:46.354] [INFO] info - server running  8989port....
[2020-03-02T22:28:39.464] [INFO] info - server running  8989port....
[2020-03-02T22:29:50.866] [INFO] info - server running  8989port....
[2020-03-02T22:30:10.002] [INFO] info - server running  8989port....
[2020-03-02T22:31:33.719] [INFO] info - server running  8989port....
[2020-03-02T22:32:38.110] [INFO] info - server running  8989port....
[2020-03-02T22:33:02.974] [INFO] info - server running  8989port....
[2020-03-02T22:34:14.442] [INFO] info - server running  8989port....
[2020-03-02T22:38:12.890] [INFO] info - /api/note/delete POST [Object: null prototype] { id: '2' }
[2020-03-02T22:38:16.645] [INFO] info - /api/note/delete POST [Object: null prototype] { id: '1' }
[2020-03-02T22:43:03.888] [INFO] info - /api/note/delete POST [Object: null prototype] { id: '6' }
[2020-03-02T22:43:05.499] [INFO] info - /api/note/delete POST [Object: null prototype] { id: '5' }
[2020-03-02T22:43:07.000] [INFO] info - /api/note/delete POST [Object: null prototype] { id: '4' }
[2020-03-02T22:43:08.570] [INFO] info - /api/note/delete POST [Object: null prototype] { id: '3' }
[2020-03-02T22:44:29.589] [INFO] info - /api/note/edit POST [Object: null prototype] { details: 'sssssssssssssssss', title: 'sssssssssss', id: '7' }
[2020-03-02T22:44:29.593] [INFO] info - [SELECT ERROR] -  ER_BAD_FIELD_ERROR: Unknown column 'title' in 'field list'
[2020-03-02T22:44:29.612] [ERROR] info - { Error: ER_BAD_FIELD_ERROR: Unknown column 'title' in 'field list'
    at Query.Sequence._packetToError (C:\Users\vender\Desktop\front_manage\server\node_modules\_mysql@2.18.1@mysql\lib\protocol\sequences\Sequence.js:47:14)
    at Query.ErrorPacket (C:\Users\vender\Desktop\front_manage\server\node_modules\_mysql@2.18.1@mysql\lib\protocol\sequences\Query.js:79:18)
    at Protocol._parsePacket (C:\Users\vender\Desktop\front_manage\server\node_modules\_mysql@2.18.1@mysql\lib\protocol\Protocol.js:291:23)
    at Parser._parsePacket (C:\Users\vender\Desktop\front_manage\server\node_modules\_mysql@2.18.1@mysql\lib\protocol\Parser.js:433:10)
    at Parser.write (C:\Users\vender\Desktop\front_manage\server\node_modules\_mysql@2.18.1@mysql\lib\protocol\Parser.js:43:10)
    at Protocol.write (C:\Users\vender\Desktop\front_manage\server\node_modules\_mysql@2.18.1@mysql\lib\protocol\Protocol.js:38:16)
    at Socket.<anonymous> (C:\Users\vender\Desktop\front_manage\server\node_modules\_mysql@2.18.1@mysql\lib\Connection.js:88:28)
    at Socket.<anonymous> (C:\Users\vender\Desktop\front_manage\server\node_modules\_mysql@2.18.1@mysql\lib\Connection.js:526:10)
    at Socket.emit (events.js:189:13)
    at addChunk (_stream_readable.js:284:12)
    --------------------
    at Protocol._enqueue (C:\Users\vender\Desktop\front_manage\server\node_modules\_mysql@2.18.1@mysql\lib\protocol\Protocol.js:144:48)
    at PoolConnection.query (C:\Users\vender\Desktop\front_manage\server\node_modules\_mysql@2.18.1@mysql\lib\Connection.js:198:25)
    at C:\Users\vender\Desktop\front_manage\server\utils\mysqlquery.js:15:18
    at Ping.onOperationComplete (C:\Users\vender\Desktop\front_manage\server\node_modules\_mysql@2.18.1@mysql\lib\Pool.js:110:5)
    at Ping.<anonymous> (C:\Users\vender\Desktop\front_manage\server\node_modules\_mysql@2.18.1@mysql\lib\Connection.js:526:10)
    at Ping._callback (C:\Users\vender\Desktop\front_manage\server\node_modules\_mysql@2.18.1@mysql\lib\Connection.js:488:16)
    at Ping.Sequence.end (C:\Users\vender\Desktop\front_manage\server\node_modules\_mysql@2.18.1@mysql\lib\protocol\sequences\Sequence.js:83:24)
    at Ping.Sequence.OkPacket (C:\Users\vender\Desktop\front_manage\server\node_modules\_mysql@2.18.1@mysql\lib\protocol\sequences\Sequence.js:92:8)
    at Protocol._parsePacket (C:\Users\vender\Desktop\front_manage\server\node_modules\_mysql@2.18.1@mysql\lib\protocol\Protocol.js:291:23)
    at Parser._parsePacket (C:\Users\vender\Desktop\front_manage\server\node_modules\_mysql@2.18.1@mysql\lib\protocol\Parser.js:433:10)
  code: 'ER_BAD_FIELD_ERROR',
  errno: 1054,
  sqlMessage: 'Unknown column \'title\' in \'field list\'',
  sqlState: '42S22',
  index: 0,
  sql:
   'update  user set title=\'sssssssssss\',details=\'sssssssssssssssss\' where Id = \'7\'' }
[2020-03-02T22:45:01.648] [INFO] info - server running  8989port....
[2020-03-02T22:45:04.669] [INFO] info - /api/note/edit POST [Object: null prototype] { details: 'sssssssssssssssss', title: 'sssssssssss', id: '7' }
