[2020-03-03T08:48:22.792] [INFO] info - /api/note/edit POST [Object: null prototype] {
  details:
   '\ntony\n体温正常： 工作： H5端页面修改以及接口对接（100%） PC端页面修改及接口对接(80%)18:35\nclark\n体温正常；工作：与爱丽丝对称release2.5.0测试分支BUG问题及修复，目前已修复完成\n，待测试后再跟进新问题！处理周五tong反馈的新提交BUG，完成40%；18:40\nTim\n体温正常，工作：动态评论完成80%，预计明天上午提测18:40\nRubin\n体温正常; 工作：解决obs聊天数据交互问题，聊天数据文本图片混合字符解析，聊天服务端数据格式解析18:40\nShine\n体温正常 点评：bc大众点评条款后台配置接口开发（100%），\nbc币兑换比例和最低充值金额配置接口开发（100%），最新微信任务标签接口开发（100%），\n官方账号和等级补漏接口开发，合并分支，解决冲突\nvender \n3.5好版本推进 进入测试环境   \n烽火赛程数据篮球足球取王者数据\n3.12 3.19 需求整理分配\nisshutup聊天超管消息未显示为系统消息的遗留bug',
  title: '2020 03 02  进度汇报',
  id: '9' }
[2020-03-03T10:13:25.159] [INFO] info - /api/note/edit POST [Object: null prototype] {
  details:
   'https://dev-m.lkch8.site/#/systemInfo\n13263333333\na123456\nhttps://gitlab.itech8.net/mercury/pj-mob',
  title: '点评站相关',
  id: '13' }
[2020-03-03T15:51:05.071] [INFO] info - /api/note/edit POST [Object: null prototype] {
  details:
   'https://jira.itech8.net:4443/browse/KINGLIVE-2960    移动端英国行专题入口\nhttps://jira.itech8.net:4443/browse/KINGLIVE-2959     PC端英国行专题入口\nhttps://jira.itech8.net:4443/browse/KINGLIVE-2903    【H5端】主播房间的小助手入口替换成动态gif图\nhttps://jira.itech8.net:4443/browse/KINGLIVE-2890\nhttps://jira.itech8.net:4443/browse/KINGLIVE-2864\nhttps://jira.itech8.net:4443/browse/KINGLIVE-2836\nhttps://jira.itech8.net:4443/browse/KINGLIVE-2832\nhttps://jira.itech8.net:4443/browse/KINGLIVE-2831',
  title: 'kaka 单子',
  id: '11' }
[2020-03-03T15:53:25.460] [INFO] info - /api/note/edit POST [Object: null prototype] {
  details:
   'https://jira.itech8.net:4443/browse/KINGLIVE-2960    移动端英国行专题入口\nhttps://jira.itech8.net:4443/browse/KINGLIVE-2959     PC端英国行专题入口\nhttps://jira.itech8.net:4443/browse/KINGLIVE-2903    【H5端】主播房间的小助手入口替换成动态gif图\nhttps://jira.itech8.net:4443/browse/KINGLIVE-2890  【PC端】个人中心我的关系-我的粉丝，增加搜索功能\nhttps://jira.itech8.net:4443/browse/KINGLIVE-2864  【PC端】欧洲杯专题上线\nhttps://jira.itech8.net:4443/browse/KINGLIVE-2836\nhttps://jira.itech8.net:4443/browse/KINGLIVE-2832\nhttps://jira.itech8.net:4443/browse/KINGLIVE-2831',
  title: 'kaka 单子',
  id: '11' }
[2020-03-03T16:01:53.962] [INFO] info - /api/note/edit POST [Object: null prototype] {
  details:
   'https://jira.itech8.net:4443/browse/KINGLIVE-2960    移动端英国行专题入口\nhttps://jira.itech8.net:4443/browse/KINGLIVE-2959     PC端英国行专题入口\nhttps://jira.itech8.net:4443/browse/KINGLIVE-2903    【H5端】主播房间的小助手入口替换成动态gif图\nhttps://jira.itech8.net:4443/browse/KINGLIVE-2890  【PC端】个人中心我的关系-我的粉丝，增加搜索功能\nhttps://jira.itech8.net:4443/browse/KINGLIVE-2864  【PC端】欧洲杯专题上线\nhttps://jira.itech8.net:4443/browse/KINGLIVE-2836  【H5端】欧洲杯专题上线\nhttps://jira.itech8.net:4443/browse/KINGLIVE-2832    【PC端】更换皮肤，主题为欧洲杯\nhttps://jira.itech8.net:4443/browse/KINGLIVE-2831   【H5端】新增欧洲杯主题皮肤',
  title: 'kaka 单子',
  id: '11' }
[2020-03-03T16:02:27.627] [INFO] info - /api/note/delete POST [Object: null prototype] { id: '7' }
[2020-03-03T17:03:13.374] [INFO] info - /api/note/edit POST [Object: null prototype] {
  details:
   'https://jira.itech8.net:4443/browse/KINGLIVE-2960    移动端英国行专题入口  vender\nhttps://jira.itech8.net:4443/browse/KINGLIVE-2959     PC端英国行专题入口   vender\nhttps://jira.itech8.net:4443/browse/KINGLIVE-2903    【H5端】主播房间的小助手入口替换成动态gif图  已完成\nhttps://jira.itech8.net:4443/browse/KINGLIVE-2890  【PC端】个人中心我的关系-我的粉丝，增加搜索功能   clark\nhttps://jira.itech8.net:4443/browse/KINGLIVE-2864  【PC端】欧洲杯专题上线  clark\n\nhttps://jira.itech8.net:4443/browse/KINGLIVE-2832    【PC端】更换皮肤，主题为欧洲杯  tony\nhttps://jira.itech8.net:4443/browse/KINGLIVE-2836  【H5端】欧洲杯专题上线  tony\nhttps://jira.itech8.net:4443/browse/KINGLIVE-2831   【H5端】新增欧洲杯主题皮肤  tony\n',
  title: 'kaka 单子',
  id: '11' }
[2020-03-03T17:07:33.233] [INFO] info - /api/note/edit POST [Object: null prototype] {
  details:
   'https://jira.itech8.net:4443/browse/KINGLIVE-2960    移动端英国行专题入口  vender\nhttps://jira.itech8.net:4443/browse/KINGLIVE-2959     PC端英国行专题入口   vender\nhttps://jira.itech8.net:4443/browse/KINGLIVE-2903    【H5端】主播房间的小助手入口替换成动态gif图  已完成\nhttps://jira.itech8.net:4443/browse/KINGLIVE-2890  【PC端】个人中心我的关系-我的粉丝，增加搜索功能   clark  3.12\nhttps://jira.itech8.net:4443/browse/KINGLIVE-2864  【PC端】欧洲杯专题上线  clark  3.27\n\nhttps://jira.itech8.net:4443/browse/KINGLIVE-2832    【PC端】更换皮肤，主题为欧洲杯  tony\nhttps://jira.itech8.net:4443/browse/KINGLIVE-2836  【H5端】欧洲杯专题上线  tony\nhttps://jira.itech8.net:4443/browse/KINGLIVE-2831   【H5端】新增欧洲杯主题皮肤  tony\n',
  title: 'kaka 单子',
  id: '11' }
[2020-03-03T18:00:35.162] [INFO] info - /api/note/edit POST [Object: null prototype] {
  details:
   'https://jira.itech8.net:4443/browse/KINGLIVE-2960    移动端英国行专题入口  vender\nhttps://jira.itech8.net:4443/browse/KINGLIVE-2959     PC端英国行专题入口   vender\nhttps://jira.itech8.net:4443/browse/KINGLIVE-2903    【H5端】主播房间的小助手入口替换成动态gif图  已完成\nhttps://jira.itech8.net:4443/browse/KINGLIVE-2890  【PC端】个人中心我的关系-我的粉丝，增加搜索功能   clark  3.12\nhttps://jira.itech8.net:4443/browse/KINGLIVE-2832    【PC端】更换皮肤，主题为欧洲杯  tony 3.12\nhttps://jira.itech8.net:4443/browse/KINGLIVE-2831   【H5端】新增欧洲杯主题皮肤  tony3.12\n\nhttps://jira.itech8.net:4443/browse/KINGLIVE-2836  【H5端】欧洲杯专题上线  tony 3.27\nhttps://jira.itech8.net:4443/browse/KINGLIVE-2864  【PC端】欧洲杯专题上线  clark  3.27',
  title: 'kaka 单子',
  id: '11' }
[2020-03-03T21:08:01.404] [INFO] info - server running  8989port....
[2020-03-03T21:09:01.488] [INFO] info - server running  8989port....
[2020-03-03T21:09:12.477] [INFO] info - server running  8989port....
[2020-03-03T21:09:13.934] [INFO] info - /api/note/search GET {}
[2020-03-03T21:09:55.045] [INFO] info - server running  8989port....
[2020-03-03T21:09:57.204] [INFO] info - /api/note/search GET {}
[2020-03-03T21:10:26.277] [INFO] info - /api/note/search GET {}
[2020-03-03T21:10:51.204] [INFO] info - /api/note/search GET {}
[2020-03-03T21:10:55.739] [INFO] info - server running  8989port....
[2020-03-03T21:10:56.575] [INFO] info - /api/note/search GET {}
[2020-03-03T21:10:56.624] [ERROR] info - { Error: ER_PARSE_ERROR: You have an error in your SQL syntax; check the manual that corresponds to your MySQL server version for the right syntax to use near '%二恶% or details like %二恶% order by create_time desc' at line 1
    at Query.Sequence._packetToError (C:\Users\vender\Desktop\front_manage\server\node_modules\_mysql@2.18.1@mysql\lib\protocol\sequences\Sequence.js:47:14)
    at Query.ErrorPacket (C:\Users\vender\Desktop\front_manage\server\node_modules\_mysql@2.18.1@mysql\lib\protocol\sequences\Query.js:79:18)
    at Protocol._parsePacket (C:\Users\vender\Desktop\front_manage\server\node_modules\_mysql@2.18.1@mysql\lib\protocol\Protocol.js:291:23)
    at Parser._parsePacket (C:\Users\vender\Desktop\front_manage\server\node_modules\_mysql@2.18.1@mysql\lib\protocol\Parser.js:433:10)
    at Parser.write (C:\Users\vender\Desktop\front_manage\server\node_modules\_mysql@2.18.1@mysql\lib\protocol\Parser.js:43:10)
    at Protocol.write (C:\Users\vender\Desktop\front_manage\server\node_modules\_mysql@2.18.1@mysql\lib\protocol\Protocol.js:38:16)
    at Socket.<anonymous> (C:\Users\vender\Desktop\front_manage\server\node_modules\_mysql@2.18.1@mysql\lib\Connection.js:88:28)
    at Socket.<anonymous> (C:\Users\vender\Desktop\front_manage\server\node_modules\_mysql@2.18.1@mysql\lib\Connection.js:526:10)
    at Socket.emit (events.js:189:13)
    at addChunk (_stream_readable.js:284:12)
    --------------------
    at Protocol._enqueue (C:\Users\vender\Desktop\front_manage\server\node_modules\_mysql@2.18.1@mysql\lib\protocol\Protocol.js:144:48)
    at PoolConnection.query (C:\Users\vender\Desktop\front_manage\server\node_modules\_mysql@2.18.1@mysql\lib\Connection.js:198:25)
    at C:\Users\vender\Desktop\front_manage\server\utils\mysqlquery.js:15:18
    at Handshake.onConnect (C:\Users\vender\Desktop\front_manage\server\node_modules\_mysql@2.18.1@mysql\lib\Pool.js:64:7)
    at Handshake.<anonymous> (C:\Users\vender\Desktop\front_manage\server\node_modules\_mysql@2.18.1@mysql\lib\Connection.js:526:10)
    at Handshake._callback (C:\Users\vender\Desktop\front_manage\server\node_modules\_mysql@2.18.1@mysql\lib\Connection.js:488:16)
    at Handshake.Sequence.end (C:\Users\vender\Desktop\front_manage\server\node_modules\_mysql@2.18.1@mysql\lib\protocol\sequences\Sequence.js:83:24)
    at Handshake.Sequence.OkPacket (C:\Users\vender\Desktop\front_manage\server\node_modules\_mysql@2.18.1@mysql\lib\protocol\sequences\Sequence.js:92:8)
    at Protocol._parsePacket (C:\Users\vender\Desktop\front_manage\server\node_modules\_mysql@2.18.1@mysql\lib\protocol\Protocol.js:291:23)
    at Parser._parsePacket (C:\Users\vender\Desktop\front_manage\server\node_modules\_mysql@2.18.1@mysql\lib\protocol\Parser.js:433:10)
  code: 'ER_PARSE_ERROR',
  errno: 1064,
  sqlMessage:
   'You have an error in your SQL syntax; check the manual that corresponds to your MySQL server version for the right syntax to use near \'%二恶% or details like %二恶% order by create_time desc\' at line 1',
  sqlState: '42000',
  index: 0,
  sql:
   'select * from note where title like %二恶% or details like %二恶% order by create_time desc' }
[2020-03-03T21:12:51.116] [INFO] info - /api/note/search GET {}
[2020-03-03T21:12:51.136] [ERROR] info - { Error: ER_PARSE_ERROR: You have an error in your SQL syntax; check the manual that corresponds to your MySQL server version for the right syntax to use near '%二恶% or details like %二恶% order by create_time desc' at line 1
    at Query.Sequence._packetToError (C:\Users\vender\Desktop\front_manage\server\node_modules\_mysql@2.18.1@mysql\lib\protocol\sequences\Sequence.js:47:14)
    at Query.ErrorPacket (C:\Users\vender\Desktop\front_manage\server\node_modules\_mysql@2.18.1@mysql\lib\protocol\sequences\Query.js:79:18)
    at Protocol._parsePacket (C:\Users\vender\Desktop\front_manage\server\node_modules\_mysql@2.18.1@mysql\lib\protocol\Protocol.js:291:23)
    at Parser._parsePacket (C:\Users\vender\Desktop\front_manage\server\node_modules\_mysql@2.18.1@mysql\lib\protocol\Parser.js:433:10)
    at Parser.write (C:\Users\vender\Desktop\front_manage\server\node_modules\_mysql@2.18.1@mysql\lib\protocol\Parser.js:43:10)
    at Protocol.write (C:\Users\vender\Desktop\front_manage\server\node_modules\_mysql@2.18.1@mysql\lib\protocol\Protocol.js:38:16)
    at Socket.<anonymous> (C:\Users\vender\Desktop\front_manage\server\node_modules\_mysql@2.18.1@mysql\lib\Connection.js:88:28)
    at Socket.<anonymous> (C:\Users\vender\Desktop\front_manage\server\node_modules\_mysql@2.18.1@mysql\lib\Connection.js:526:10)
    at Socket.emit (events.js:189:13)
    at addChunk (_stream_readable.js:284:12)
    --------------------
    at Protocol._enqueue (C:\Users\vender\Desktop\front_manage\server\node_modules\_mysql@2.18.1@mysql\lib\protocol\Protocol.js:144:48)
    at PoolConnection.query (C:\Users\vender\Desktop\front_manage\server\node_modules\_mysql@2.18.1@mysql\lib\Connection.js:198:25)
    at C:\Users\vender\Desktop\front_manage\server\utils\mysqlquery.js:15:18
    at Ping.onOperationComplete (C:\Users\vender\Desktop\front_manage\server\node_modules\_mysql@2.18.1@mysql\lib\Pool.js:110:5)
    at Ping.<anonymous> (C:\Users\vender\Desktop\front_manage\server\node_modules\_mysql@2.18.1@mysql\lib\Connection.js:526:10)
    at Ping._callback (C:\Users\vender\Desktop\front_manage\server\node_modules\_mysql@2.18.1@mysql\lib\Connection.js:488:16)
    at Ping.Sequence.end (C:\Users\vender\Desktop\front_manage\server\node_modules\_mysql@2.18.1@mysql\lib\protocol\sequences\Sequence.js:83:24)
    at Ping.Sequence.OkPacket (C:\Users\vender\Desktop\front_manage\server\node_modules\_mysql@2.18.1@mysql\lib\protocol\sequences\Sequence.js:92:8)
    at Protocol._parsePacket (C:\Users\vender\Desktop\front_manage\server\node_modules\_mysql@2.18.1@mysql\lib\protocol\Protocol.js:291:23)
    at Parser._parsePacket (C:\Users\vender\Desktop\front_manage\server\node_modules\_mysql@2.18.1@mysql\lib\protocol\Parser.js:433:10)
  code: 'ER_PARSE_ERROR',
  errno: 1064,
  sqlMessage:
   'You have an error in your SQL syntax; check the manual that corresponds to your MySQL server version for the right syntax to use near \'%二恶% or details like %二恶% order by create_time desc\' at line 1',
  sqlState: '42000',
  index: 0,
  sql:
   'select * from note where title like %二恶% or details like %二恶% order by create_time desc' }
[2020-03-03T21:14:27.067] [INFO] info - server running  8989port....
[2020-03-03T21:14:33.955] [INFO] info - /api/note/search GET {}
[2020-03-03T21:15:44.332] [INFO] info - server running  8989port....
[2020-03-03T21:15:45.098] [INFO] info - /api/note/search GET {}
[2020-03-03T21:15:45.158] [ERROR] info - []
[2020-03-03T21:16:07.753] [INFO] info - /api/note/search GET {}
[2020-03-03T21:16:07.756] [ERROR] info - []
[2020-03-03T21:16:14.223] [INFO] info - server running  8989port....
[2020-03-03T21:16:23.423] [INFO] info - /api/note/search GET {}
[2020-03-03T21:16:23.429] [ERROR] info - []
[2020-03-03T21:16:55.409] [INFO] info - server running  8989port....
[2020-03-03T21:16:58.294] [INFO] info - /api/note/search GET { _t: '1583241418269', keyword: '嗯嗯' }
[2020-03-03T21:16:58.356] [ERROR] info - []
[2020-03-03T21:17:45.438] [INFO] info - server running  8989port....
[2020-03-03T21:17:47.951] [INFO] info - /api/note/search GET { _t: '1583241467929', keyword: '嗯嗯' }
[2020-03-03T21:17:47.996] [ERROR] info - []
[2020-03-03T21:18:35.261] [INFO] info - server running  8989port....
[2020-03-03T21:18:38.429] [INFO] info - /api/note/search GET { _t: '1583241518406', keyword: '嗯嗯' }
[2020-03-03T21:18:38.505] [ERROR] info - []
[2020-03-03T21:18:55.840] [INFO] info - server running  8989port....
[2020-03-03T21:18:57.875] [INFO] info - /api/note/search GET { _t: '1583241537857', keyword: '嗯嗯' }
[2020-03-03T21:19:25.645] [INFO] info - server running  8989port....
[2020-03-03T21:19:27.333] [INFO] info - /api/note/search GET { _t: '1583241567315', keyword: '嗯嗯' }
[2020-03-03T21:19:27.438] [ERROR] info - [SELECT ERROR] -  ER_BAD_FIELD_ERROR: Unknown column 'title1' in 'where clause'
[2020-03-03T21:19:39.525] [INFO] info - server running  8989port....
[2020-03-03T21:19:40.850] [INFO] info - /api/note/search GET { _t: '1583241580810', keyword: '嗯嗯' }
[2020-03-03T21:19:40.890] [ERROR] info - []
[2020-03-03T21:20:56.796] [INFO] info - server running  8989port....
[2020-03-03T21:20:59.876] [INFO] info - /api/note/search GET { _t: '1583241659857', keyword: '嗯嗯' }
[2020-03-03T21:20:59.923] [ERROR] info - []
[2020-03-03T21:21:29.921] [INFO] info - server running  8989port....
[2020-03-03T21:21:31.372] [INFO] info - /api/note/search GET { _t: '1583241691353', keyword: '嗯嗯' }
[2020-03-03T21:21:31.430] [ERROR] info - []
[2020-03-03T21:22:39.700] [INFO] info - server running  8989port....
[2020-03-03T21:22:41.746] [INFO] info - /api/note/search GET { _t: '1583241761728', keyword: '嗯嗯' }
[2020-03-03T21:22:41.793] [ERROR] info - []
[2020-03-03T21:23:13.896] [INFO] info - server running  8989port....
[2020-03-03T21:23:15.710] [INFO] info - /api/note/search GET { _t: '1583241795658', keyword: '嗯嗯' }
[2020-03-03T21:23:27.985] [INFO] info - /api/note/search GET { _t: '1583241807977', keyword: '嗯嗯' }
[2020-03-03T21:23:33.087] [INFO] info - /api/note/search GET { _t: '1583241813074', keyword: '1' }
[2020-03-03T21:23:36.411] [INFO] info - /api/note/search GET { _t: '1583241816401', keyword: '' }
[2020-03-03T21:23:45.410] [INFO] info - /api/note/search GET { _t: '1583241825400', keyword: '日结' }
[2020-03-03T21:25:34.463] [INFO] info - server running  8989port....
[2020-03-03T21:25:55.617] [INFO] info - /api/note/search GET { _t: '1583241955608', keyword: 'KING' }
[2020-03-03T21:26:37.775] [INFO] info - /api/note/search GET { _t: '1583241997768', keyword: 'ｋｉｎｇ' }
[2020-03-03T21:26:50.350] [INFO] info - /api/note/search GET { _t: '1583242010344', keyword: 'king' }
[2020-03-03T21:31:53.927] [INFO] info - /api/note/search GET { _t: '1583242313917', keyword: '8' }
[2020-03-03T21:32:01.631] [INFO] info - /api/note/search GET { _t: '1583242321615', keyword: '8' }
[2020-03-03T21:32:27.089] [INFO] info - /api/note/search GET { _t: '1583242347072', keyword: 'KING' }
[2020-03-03T21:32:41.918] [INFO] info - /api/note/search GET { _t: '1583242361911', keyword: 'KING' }
[2020-03-03T21:33:16.008] [INFO] info - /api/note/search GET { _t: '1583242395999', keyword: '的' }
[2020-03-03T21:33:31.678] [INFO] info - /api/note/search GET { _t: '1583242411672', keyword: '日结' }
[2020-03-03T21:36:58.707] [INFO] info - /api/note/search GET { _t: '1583242618688', keyword: '03' }
[2020-03-03T21:38:00.247] [INFO] info - /api/note/search GET { _t: '1583242680239', keyword: '03' }
[2020-03-03T21:38:04.667] [INFO] info - /api/note/search GET { _t: '1583242684639', keyword: '03' }
[2020-03-03T21:38:19.703] [INFO] info - /api/note/search GET { _t: '1583242699687', keyword: 'rubin' }
[2020-03-03T21:39:54.411] [INFO] info - /api/note/search GET { _t: '1583242794392', keyword: '日结' }
[2020-03-03T21:40:04.311] [INFO] info - /api/note/search GET { _t: '1583242804273', keyword: '日结' }
[2020-03-03T21:40:19.430] [INFO] info - /api/note/search GET { _t: '1583242819418', keyword: '日结' }
[2020-03-03T21:40:20.027] [INFO] info - /api/note/search GET { _t: '1583242820022', keyword: '日结' }
[2020-03-03T21:41:12.937] [INFO] info - /api/note/search GET { _t: '1583242872926', keyword: '日结' }
[2020-03-03T21:41:33.981] [INFO] info - /api/note/search GET { _t: '1583242893973', keyword: '' }
[2020-03-03T21:41:37.837] [INFO] info - /api/note/search GET { _t: '1583242897830', keyword: '33' }
[2020-03-03T21:41:42.586] [INFO] info - /api/note/search GET { _t: '1583242902574', keyword: '33' }
[2020-03-03T21:41:43.290] [INFO] info - /api/note/search GET { _t: '1583242903254', keyword: '33' }
[2020-03-03T21:42:09.275] [INFO] info - /api/note/search GET { _t: '1583242929262', keyword: '' }
[2020-03-03T21:42:25.949] [INFO] info - /api/note/search GET { _t: '1583242945941', keyword: '' }
[2020-03-03T21:42:29.560] [INFO] info - /api/note/search GET { _t: '1583242949541', keyword: '44' }
[2020-03-03T21:42:59.444] [INFO] info - /api/note/search GET { _t: '1583242979429', keyword: '嗯嗯' }
[2020-03-03T21:43:35.386] [INFO] info - /api/note/search GET { _t: '1583243015376', keyword: 'sd' }
[2020-03-03T21:43:41.213] [INFO] info - /api/note/search GET { _t: '1583243021206', keyword: 'sd' }
[2020-03-03T21:43:51.768] [INFO] info - /api/note/search GET { _t: '1583243031758', keyword: 'R' }
[2020-03-03T21:45:25.311] [INFO] info - /api/note/search GET { _t: '1583243125285', keyword: '日结' }
[2020-03-03T21:45:47.852] [INFO] info - /api/note/search GET { _t: '1583243147846', keyword: '点的' }
[2020-03-03T21:46:02.007] [INFO] info - /api/note/search GET { _t: '1583243161998', keyword: '03' }
[2020-03-03T21:46:48.311] [INFO] info - /api/note/search GET { _t: '1583243208302', keyword: '日结' }
[2020-03-03T21:47:02.685] [INFO] info - /api/note/search GET { _t: '1583243222678', keyword: 'KINGlive' }
[2020-03-03T21:47:53.303] [INFO] info - /api/note/search GET { _t: '1583243273293', keyword: '日结' }
[2020-03-03T21:48:24.270] [INFO] info - /api/note/search GET { _t: '1583243304261', keyword: '日结' }
[2020-03-03T21:48:34.934] [INFO] info - /api/note/search GET { _t: '1583243314925', keyword: 'kinglive' }
[2020-03-03T21:50:01.484] [INFO] info - /api/note/search GET { _t: '1583243401472', keyword: 'Kinglive' }
[2020-03-03T22:01:17.784] [INFO] info - /api/note/search GET { _t: '1583244077775', keyword: 'rubin' }
[2020-03-03T22:01:22.166] [INFO] info - /api/note/search GET { _t: '1583244082159', keyword: 'rubinr' }
[2020-03-03T22:01:27.409] [INFO] info - /api/note/search GET { _t: '1583244087393', keyword: 'rubin' }
[2020-03-03T22:01:36.300] [INFO] info - /api/note/search GET { _t: '1583244096293', keyword: 'Kinglive' }
[2020-03-03T22:02:44.640] [INFO] info - /api/note/search GET { _t: '1583244164617', keyword: '5555.namge' }
[2020-03-03T22:02:56.108] [INFO] info - /api/note/search GET { _t: '1583244176099', keyword: 'king' }
